<?xml version="1.0" encoding="UTF-8"?>
<!-- Generated by org.testng.reporters.JUnitXMLReporter -->
<testsuite hostname="Sales" ignored="1" name="SignUp: Verify User SignUp functionality" tests="1" failures="0" timestamp="18 Jan 2019 12:52:14 GMT" time="84.924" errors="0">
  <testcase name="SignUp" time="60.091" classname="com.automation.index.PackageIndex"/>
  <testcase name="SignIn" time="0.0" classname="com.automation.index.PackageIndex">
    <ignored/>
  </testcase> <!-- SignIn -->
</testsuite> <!-- SignUp: Verify User SignUp functionality -->
