<?xml version="1.0" encoding="UTF-8"?>
<!-- Generated by org.testng.reporters.JUnitXMLReporter -->
<testsuite hostname="Sales" ignored="1" name="SignIn: Verify User SignIn functionality" tests="1" failures="0" timestamp="18 Jan 2019 12:52:58 GMT" time="44.521" errors="0">
  <testcase name="SignIn" time="20.994" classname="com.automation.index.PackageIndex"/>
  <testcase name="SignUp" time="0.0" classname="com.automation.index.PackageIndex">
    <ignored/>
  </testcase> <!-- SignUp -->
</testsuite> <!-- SignIn: Verify User SignIn functionality -->
