<?xml version="1.0" encoding="UTF-8"?>
<!-- Generated by org.testng.reporters.JUnitXMLReporter -->
<testsuite hostname="Sales" ignored="2" name="TC_LogIn_02: Verify User LogIn functionality" tests="1" failures="0" timestamp="28 Jan 2019 11:47:54 GMT" time="103.065" errors="0">
  <testcase name="TC_LogIn_02" time="80.362" classname="com.automation.index.PackageIndex"/>
  <testcase name="TC_Menu_Page_03" time="0.0" classname="com.automation.index.PackageIndex">
    <ignored/>
  </testcase> <!-- TC_Menu_Page_03 -->
  <testcase name="TC_SignUp_01" time="0.0" classname="com.automation.index.PackageIndex">
    <ignored/>
  </testcase> <!-- TC_SignUp_01 -->
</testsuite> <!-- TC_LogIn_02: Verify User LogIn functionality -->
