<?xml version="1.0" encoding="UTF-8"?>
<!-- Generated by org.testng.reporters.JUnitXMLReporter -->
<testsuite hostname="Sales" ignored="2" name="TC_Menu_Page_03: Verify Any Menu page Functionalities" tests="1" failures="0" timestamp="23 Jan 2019 12:00:59 GMT" time="56.562" errors="0">
  <testcase name="TC_Menu_Page_03" time="30.507" classname="com.automation.index.PackageIndex"/>
  <testcase name="TC_LogIn_02" time="0.0" classname="com.automation.index.PackageIndex">
    <ignored/>
  </testcase> <!-- TC_LogIn_02 -->
  <testcase name="TC_SignUp_01" time="0.0" classname="com.automation.index.PackageIndex">
    <ignored/>
  </testcase> <!-- TC_SignUp_01 -->
</testsuite> <!-- TC_Menu_Page_03: Verify Any Menu page Functionalities -->
