<?xml version="1.0" encoding="UTF-8"?>
<!-- Generated by org.testng.reporters.JUnitXMLReporter -->
<testsuite hostname="Sales" ignored="2" name="TC_SignUp_01: Verify User SignUp functionality" tests="1" failures="0" timestamp="24 Jan 2019 18:02:37 GMT" time="136.335" errors="0">
  <testcase name="TC_SignUp_01" time="112.216" classname="com.automation.index.PackageIndex"/>
  <testcase name="TC_Menu_Page_03" time="0.0" classname="com.automation.index.PackageIndex">
    <ignored/>
  </testcase> <!-- TC_Menu_Page_03 -->
  <testcase name="TC_LogIn_02" time="0.0" classname="com.automation.index.PackageIndex">
    <ignored/>
  </testcase> <!-- TC_LogIn_02 -->
</testsuite> <!-- TC_SignUp_01: Verify User SignUp functionality -->
