<?xml version="1.0" encoding="UTF-8"?>
<!-- Generated by org.testng.reporters.JUnitXMLReporter -->
<testsuite hostname="Sales" ignored="3" name="TC_SignUp_01: Verify User SignUp functionality" tests="1" failures="0" timestamp="04 Feb 2019 12:47:22 GMT" time="148.489" errors="0">
  <testcase name="TC_SignUp_01" time="111.111" classname="com.automation.index.PackageIndex"/>
  <testcase name="TC_Menu_Page_03" time="0.0" classname="com.automation.index.PackageIndex">
    <ignored/>
  </testcase> <!-- TC_Menu_Page_03 -->
  <testcase name="TC_Wish_Compare_04" time="0.0" classname="com.automation.index.PackageIndex">
    <ignored/>
  </testcase> <!-- TC_Wish_Compare_04 -->
  <testcase name="TC_LogIn_02" time="0.0" classname="com.automation.index.PackageIndex">
    <ignored/>
  </testcase> <!-- TC_LogIn_02 -->
</testsuite> <!-- TC_SignUp_01: Verify User SignUp functionality -->
