<?xml version="1.0" encoding="UTF-8"?>
<!-- Generated by org.testng.reporters.JUnitXMLReporter -->
<testsuite hostname="Sales" ignored="3" name="TC_Wish_Compare_04: Verify User is able to add the Products into Wish List and Compare List" tests="1" failures="0" timestamp="05 Feb 2019 12:42:10 GMT" time="252.572" errors="0">
  <testcase name="TC_Wish_Compare_04" time="230.148" classname="com.automation.index.PackageIndex"/>
  <testcase name="TC_Menu_Page_03" time="0.0" classname="com.automation.index.PackageIndex">
    <ignored/>
  </testcase> <!-- TC_Menu_Page_03 -->
  <testcase name="TC_LogIn_02" time="0.0" classname="com.automation.index.PackageIndex">
    <ignored/>
  </testcase> <!-- TC_LogIn_02 -->
  <testcase name="TC_SignUp_01" time="0.0" classname="com.automation.index.PackageIndex">
    <ignored/>
  </testcase> <!-- TC_SignUp_01 -->
</testsuite> <!-- TC_Wish_Compare_04: Verify User is able to add the Products into Wish List and Compare List -->
