<?xml version="1.0" encoding="UTF-8"?>
<testng-results skipped="0" failed="0" ignored="2" total="3" passed="1">
  <reporter-output>
    <line>
      <![CDATA[<strong> <h3 style="color:DarkViolet">  </h3> </strong>]]>
    </line>
    <line>
      <![CDATA[<strong> <h3 style="color:DarkViolet"> Verify Any Menu page with Below Functionality.</h3> </strong>]]>
    </line>
    <line>
      <![CDATA[<strong> <h3 style="color:DarkViolet"> • Shopping options</h3> </strong>]]>
    </line>
    <line>
      <![CDATA[<strong> <h3 style="color:DarkViolet"> • Sort By</h3> </strong>]]>
    </line>
    <line>
      <![CDATA[<strong> <h3 style="color:DarkViolet"> • Show per page</h3> </strong>]]>
    </line>
    <line>
      <![CDATA[<br><strong>Step1: Open the Url--> https://staging.3dbroadcastsales.com/</strong></br>]]>
    </line>
    <line>
      <![CDATA[</br>&nbsp;&nbsp;&nbsp;&nbsp;=====> 3dbroadcastsales home page open <=====</br>]]>
    </line>
    <line>
      <![CDATA[<strong> <h3 style="color:DarkGreen">  &#10004; <i>  SUCCESSFUL </i></h3> </strong> ]]>
    </line>
    <line>
      <![CDATA[<br><strong>Step2: Mouse Hover on [Cameras] menu</strong></br>]]>
    </line>
    <line>
      <![CDATA[<br><strong>Step3: Click on [Cinematic Cameras]sub menu</strong></br>]]>
    </line>
    <line>
      <![CDATA[</br>&nbsp;&nbsp;&nbsp;&nbsp;---> Page Name has been Verified <---</br>]]>
    </line>
    <line>
      <![CDATA[</br>&nbsp;&nbsp;&nbsp;&nbsp;---> Shopping Options [Category] is Displayed <---</br>]]>
    </line>
    <line>
      <![CDATA[</br>&nbsp;&nbsp;&nbsp;&nbsp;---> Shopping Options [Manufaturer] is Displayed <--</br>]]>
    </line>
    <line>
      <![CDATA[</br>&nbsp;&nbsp;&nbsp;&nbsp;---> Product Name is :Canon C100 Mark II Digital Video Camera No Lens - 0202C007 <---</br>]]>
    </line>
    <line>
      <![CDATA[</br>&nbsp;&nbsp;&nbsp;&nbsp;---> Product Name is Dispayed <---</br>]]>
    </line>
    <line>
      <![CDATA[</br>&nbsp;&nbsp;&nbsp;&nbsp;---> Product Price[inc VAT] is :£2,970.00 <---</br>]]>
    </line>
    <line>
      <![CDATA[</br>&nbsp;&nbsp;&nbsp;&nbsp;---> Product Price[exc VAT] is :£2,475.00 <---</br>]]>
    </line>
    <line>
      <![CDATA[</br>&nbsp;&nbsp;&nbsp;&nbsp;---> Product price is Dispayed <---</br>]]>
    </line>
    <line>
      <![CDATA[</br>&nbsp;&nbsp;&nbsp;&nbsp;---> Product Add to Basket Button is Displayed <---</br>]]>
    </line>
    <line>
      <![CDATA[</br>&nbsp;&nbsp;&nbsp;&nbsp;---> Product image is Displayed <---</br>]]>
    </line>
    <line>
      <![CDATA[</br>&nbsp;&nbsp;&nbsp;&nbsp;---> Product WishList icon is Displayed <---</br>]]>
    </line>
    <line>
      <![CDATA[</br>&nbsp;&nbsp;&nbsp;&nbsp;---> Product Compare icon is Displayed <---</br>]]>
    </line>
    <line>
      <![CDATA[</br>&nbsp;&nbsp;&nbsp;&nbsp;---> Number of items :24 <---</br>]]>
    </line>
    <line>
      <![CDATA[</br>&nbsp;&nbsp;&nbsp;&nbsp;---> Number of prices :48 <---</br>]]>
    </line>
    <line>
      <![CDATA[</br>&nbsp;&nbsp;&nbsp;&nbsp;---> Number of add to basket button :24 <---</br>]]>
    </line>
    <line>
      <![CDATA[</br>&nbsp;&nbsp;&nbsp;&nbsp;---> Number of images :24 <---</br>]]>
    </line>
    <line>
      <![CDATA[</br>&nbsp;&nbsp;&nbsp;&nbsp;---> Number of wishlist icon :24 <---</br>]]>
    </line>
    <line>
      <![CDATA[</br>&nbsp;&nbsp;&nbsp;&nbsp;---> Number of compare icon :24 <---</br>]]>
    </line>
    <line>
      <![CDATA[</br>&nbsp;&nbsp;&nbsp;&nbsp;---> Number of Products||Prices||AddtoBasket Button, Verified<---</br>]]>
    </line>
    <line>
      <![CDATA[</br>&nbsp;&nbsp;&nbsp;&nbsp;---> Product Images||WishList||Compare List, Verified <---</br>]]>
    </line>
    <line>
      <![CDATA[</br>&nbsp;&nbsp;&nbsp;&nbsp;---> All Products has the above Details/Elements, Verified  <---</br>]]>
    </line>
    <line>
      <![CDATA[</br>&nbsp;&nbsp;&nbsp;&nbsp;<hr size='15px' noshade color='green'></br>]]>
    </line>
    <line>
      <![CDATA[<strong> <h3 style="color:DarkGreen">  &#10004; <i>  SUCCESSFUL </i></h3> </strong> ]]>
    </line>
    <line>
      <![CDATA[<br><strong>Step4: Click on any [Category]</strong></br>]]>
    </line>
    <line>
      <![CDATA[</br>&nbsp;&nbsp;&nbsp;&nbsp;---> Click on :Blackmagic Cameras Category <---</br>]]>
    </line>
    <line>
      <![CDATA[</br>&nbsp;&nbsp;&nbsp;&nbsp;String to match :Blackm</br>]]>
    </line>
    <line>
      <![CDATA[</br>&nbsp;&nbsp;&nbsp;&nbsp;Product Name :BlackMagic Design Pocket Cinema Camera 4K - BMD-CINECAMPOCHDMFT4K</br>]]>
    </line>
    <line>
      <![CDATA[</br>&nbsp;&nbsp;&nbsp;&nbsp;Product Name :Blackmagic Design Micro Cinema Camera with MFT lens mount (Body only), SKU: BMD-CINECAMMICHDMFT</br>]]>
    </line>
    <line>
      <![CDATA[</br>&nbsp;&nbsp;&nbsp;&nbsp;Product Name :Blackmagic Design Micro Studio Camera 4K with MFT Lens Mount (Body Only), SKU: BMD-CINSTUDMFT/UHD/MR</br>]]>
    </line>
    <line>
      <![CDATA[</br>&nbsp;&nbsp;&nbsp;&nbsp;Product Name :Blackmagic Design URSA Broadcast 4K UHD Studio & OB ENG Camera - BMD-CINEURSAMC4K</br>]]>
    </line>
    <line>
      <![CDATA[</br>&nbsp;&nbsp;&nbsp;&nbsp;Product Name :Blackmagic Design URSA Broadcast ENG Camera Kit - BMD-CINEURSAMC4K-KIT</br>]]>
    </line>
    <line>
      <![CDATA[</br>&nbsp;&nbsp;&nbsp;&nbsp;Product Name :Blackmagic Design URSA Broadcast ENG Camera Kit with 20x Fujinon Lens</br>]]>
    </line>
    <line>
      <![CDATA[</br>&nbsp;&nbsp;&nbsp;&nbsp;Product Name :Blackmagic Design URSA Broadcast ENG PRO Camera Kit with 20x Fujinon Lens w/ 2x Extender</br>]]>
    </line>
    <line>
      <![CDATA[</br>&nbsp;&nbsp;&nbsp;&nbsp;Product Name :Blackmagic Design URSA Mini Pro 4.6K Camera (Body Only) - BMD-CINEURSAMUPRO46K</br>]]>
    </line>
    <line>
      <![CDATA[</br>&nbsp;&nbsp;&nbsp;&nbsp;Product Name :Blackmagic Design URSA Mini 4K EF (Body Only) - BMD-CINECAMURSAM40K/EF</br>]]>
    </line>
    <line>
      <![CDATA[</br>&nbsp;&nbsp;&nbsp;&nbsp;Product Name :Blackmagic Design URSA Mini 4K PL Camera (Body Only), SKU: BMD-CINECAMURSAM40K/PL</br>]]>
    </line>
    <line>
      <![CDATA[</br>&nbsp;&nbsp;&nbsp;&nbsp;Product Name :Blackmagic Design URSA Mini 4.6K EF Camera (Body Only), SKU: BMD-CINECAMURSAM46K/EF</br>]]>
    </line>
    <line>
      <![CDATA[</br>&nbsp;&nbsp;&nbsp;&nbsp;Product Name :Blackmagic Design URSA Mini 4.6K PL Camera (Body Only), SKU: BMD-CINECAMURSAM46K/PL</br>]]>
    </line>
    <line>
      <![CDATA[</br>&nbsp;&nbsp;&nbsp;&nbsp;Product Name :Blackmagic Design Studio Camera, HD, (Without Fibre SFP Module) SKU: BMD-CINSTUDMFT/HDNF</br>]]>
    </line>
    <line>
      <![CDATA[</br>&nbsp;&nbsp;&nbsp;&nbsp;Product Name :Blackmagic Design Studio Camera 4K, (Without Fibre SFP Module) SKU: BMD-CINSTUDMFT/UHD/2</br>]]>
    </line>
    <line>
      <![CDATA[</br>&nbsp;&nbsp;&nbsp;&nbsp;Product Name :Blackmagic Replacement Body Cap for Select Cameras with MFT Mount - BMD-BMCASS/LENSCAPMFT</br>]]>
    </line>
    <line>
      <![CDATA[</br>&nbsp;&nbsp;&nbsp;&nbsp;Product Name :Blackmagic Design URSA Mini SSD Recorder - BMD-CINEURSASHMSSD</br>]]>
    </line>
    <line>
      <![CDATA[</br>&nbsp;&nbsp;&nbsp;&nbsp;Product Name :Blackmagic URSA Mini Mic Mount - BMD-CINEURSASHSMC</br>]]>
    </line>
    <line>
      <![CDATA[</br>&nbsp;&nbsp;&nbsp;&nbsp;Product Name :Blackmagic Replacement Body Cap for Select Cameras with EF Mount</br>]]>
    </line>
    <line>
      <![CDATA[</br>&nbsp;&nbsp;&nbsp;&nbsp;Product Name :Blackmagic Design URSA Mini Pro Shim Kit</br>]]>
    </line>
    <line>
      <![CDATA[</br>&nbsp;&nbsp;&nbsp;&nbsp;Product Name :Blackmagic Design URSA Mini Pro B4 Mount</br>]]>
    </line>
    <line>
      <![CDATA[</br>&nbsp;&nbsp;&nbsp;&nbsp;Product Name :BlackMagic Design URSA Mini Pro PL Mount</br>]]>
    </line>
    <line>
      <![CDATA[</br>&nbsp;&nbsp;&nbsp;&nbsp;Product Name :Blackmagic Design URSA Mini Pro EF Mount</br>]]>
    </line>
    <line>
      <![CDATA[</br>&nbsp;&nbsp;&nbsp;&nbsp;Product Name :FieldCast FCT-ADSTUCAMHB Adapter Two Hybrid</br>]]>
    </line>
    <line>
      <![CDATA[</br>&nbsp;&nbsp;&nbsp;&nbsp;Product Name :Blackmagic Design Power Supply URSA 12v 100w, SKU: BMD-PSUPPLY-XLR/12V100W</br>]]>
    </line>
    <line>
      <![CDATA[</br>&nbsp;&nbsp;&nbsp;&nbsp;<hr size='15px' noshade color='red'></br>]]>
    </line>
    <line>
      <![CDATA[<strong> <h3 style="color:DarkRed"> &#10008; <i> UNSUCCESSFUL </i></h3> </strong>]]>
    </line>
    <line>
      <![CDATA[</br>&nbsp;&nbsp;&nbsp;&nbsp;<br><Strong><font color=#FF0000>--Failed</font></strong></br>]]>
    </line>
    <line>
      <![CDATA[</br>&nbsp;&nbsp;&nbsp;&nbsp;<a href='screenshots/MenuPage_Category_Failed.png' target='_new'>MenuPage_Category_Failed.png</a></br>]]>
    </line>
    <line>
      <![CDATA[<br><strong>Step5: Click on any [Manufacturer]</strong></br>]]>
    </line>
    <line>
      <![CDATA[</br>&nbsp;&nbsp;&nbsp;&nbsp;---> Click on :BlackMagic Design Category <---</br>]]>
    </line>
    <line>
      <![CDATA[</br>&nbsp;&nbsp;&nbsp;&nbsp;String to match :BlackMagic</br>]]>
    </line>
    <line>
      <![CDATA[</br>&nbsp;&nbsp;&nbsp;&nbsp;Product Name :BlackMagic Design Pocket Cinema Camera 4K - BMD-CINECAMPOCHDMFT4K</br>]]>
    </line>
    <line>
      <![CDATA[</br>&nbsp;&nbsp;&nbsp;&nbsp;Product Name :Blackmagic Design Micro Cinema Camera with MFT lens mount (Body only), SKU: BMD-CINECAMMICHDMFT</br>]]>
    </line>
    <line>
      <![CDATA[</br>&nbsp;&nbsp;&nbsp;&nbsp;Product Name :Blackmagic Design Micro Studio Camera 4K with MFT Lens Mount (Body Only), SKU: BMD-CINSTUDMFT/UHD/MR</br>]]>
    </line>
    <line>
      <![CDATA[</br>&nbsp;&nbsp;&nbsp;&nbsp;Product Name :Blackmagic Design URSA Broadcast 4K UHD Studio & OB ENG Camera - BMD-CINEURSAMC4K</br>]]>
    </line>
    <line>
      <![CDATA[</br>&nbsp;&nbsp;&nbsp;&nbsp;Product Name :Blackmagic Design URSA Broadcast ENG Camera Kit - BMD-CINEURSAMC4K-KIT</br>]]>
    </line>
    <line>
      <![CDATA[</br>&nbsp;&nbsp;&nbsp;&nbsp;Product Name :Blackmagic Design URSA Broadcast ENG Camera Kit with 20x Fujinon Lens</br>]]>
    </line>
    <line>
      <![CDATA[</br>&nbsp;&nbsp;&nbsp;&nbsp;Product Name :Blackmagic Design URSA Broadcast ENG PRO Camera Kit with 20x Fujinon Lens w/ 2x Extender</br>]]>
    </line>
    <line>
      <![CDATA[</br>&nbsp;&nbsp;&nbsp;&nbsp;Product Name :Blackmagic Design URSA Mini Pro 4.6K Camera (Body Only) - BMD-CINEURSAMUPRO46K</br>]]>
    </line>
    <line>
      <![CDATA[</br>&nbsp;&nbsp;&nbsp;&nbsp;Product Name :Blackmagic Design URSA Mini 4K EF (Body Only) - BMD-CINECAMURSAM40K/EF</br>]]>
    </line>
    <line>
      <![CDATA[</br>&nbsp;&nbsp;&nbsp;&nbsp;Product Name :Blackmagic Design URSA Mini 4K PL Camera (Body Only), SKU: BMD-CINECAMURSAM40K/PL</br>]]>
    </line>
    <line>
      <![CDATA[</br>&nbsp;&nbsp;&nbsp;&nbsp;Product Name :Blackmagic Design URSA Mini 4.6K EF Camera (Body Only), SKU: BMD-CINECAMURSAM46K/EF</br>]]>
    </line>
    <line>
      <![CDATA[</br>&nbsp;&nbsp;&nbsp;&nbsp;Product Name :Blackmagic Design URSA Mini 4.6K PL Camera (Body Only), SKU: BMD-CINECAMURSAM46K/PL</br>]]>
    </line>
    <line>
      <![CDATA[</br>&nbsp;&nbsp;&nbsp;&nbsp;Product Name :Blackmagic Design Studio Camera, HD, (Without Fibre SFP Module) SKU: BMD-CINSTUDMFT/HDNF</br>]]>
    </line>
    <line>
      <![CDATA[</br>&nbsp;&nbsp;&nbsp;&nbsp;Product Name :Blackmagic Design Studio Camera 4K, (Without Fibre SFP Module) SKU: BMD-CINSTUDMFT/UHD/2</br>]]>
    </line>
    <line>
      <![CDATA[</br>&nbsp;&nbsp;&nbsp;&nbsp;Product Name :Blackmagic Replacement Body Cap for Select Cameras with MFT Mount - BMD-BMCASS/LENSCAPMFT</br>]]>
    </line>
    <line>
      <![CDATA[</br>&nbsp;&nbsp;&nbsp;&nbsp;Product Name :Blackmagic Design URSA Mini SSD Recorder - BMD-CINEURSASHMSSD</br>]]>
    </line>
    <line>
      <![CDATA[</br>&nbsp;&nbsp;&nbsp;&nbsp;Product Name :Blackmagic URSA Mini Mic Mount - BMD-CINEURSASHSMC</br>]]>
    </line>
    <line>
      <![CDATA[</br>&nbsp;&nbsp;&nbsp;&nbsp;Product Name :Blackmagic Replacement Body Cap for Select Cameras with EF Mount</br>]]>
    </line>
    <line>
      <![CDATA[</br>&nbsp;&nbsp;&nbsp;&nbsp;Product Name :Blackmagic Design URSA Mini Pro Shim Kit</br>]]>
    </line>
    <line>
      <![CDATA[</br>&nbsp;&nbsp;&nbsp;&nbsp;Product Name :Blackmagic Design URSA Mini Pro B4 Mount</br>]]>
    </line>
    <line>
      <![CDATA[</br>&nbsp;&nbsp;&nbsp;&nbsp;Product Name :BlackMagic Design URSA Mini Pro PL Mount</br>]]>
    </line>
    <line>
      <![CDATA[</br>&nbsp;&nbsp;&nbsp;&nbsp;Product Name :Blackmagic Design URSA Mini Pro EF Mount</br>]]>
    </line>
    <line>
      <![CDATA[</br>&nbsp;&nbsp;&nbsp;&nbsp;Product Name :Blackmagic Design Power Supply URSA 12v 100w, SKU: BMD-PSUPPLY-XLR/12V100W</br>]]>
    </line>
    <line>
      <![CDATA[</br>&nbsp;&nbsp;&nbsp;&nbsp;Product Name :Blackmagic Design Power Supply - Pocket Cinema Camera, SKU: BMD-PS-12V10W</br>]]>
    </line>
    <line>
      <![CDATA[</br>&nbsp;&nbsp;&nbsp;&nbsp;<hr size='15px' noshade color='green'></br>]]>
    </line>
    <line>
      <![CDATA[<strong> <h3 style="color:DarkGreen">  &#10004; <i>  SUCCESSFUL </i></h3> </strong> ]]>
    </line>
    <line>
      <![CDATA[<br><strong>Step6: Click on Sort By option : Price : Ascending</strong></br>]]>
    </line>
    <line>
      <![CDATA[</br>&nbsp;&nbsp;&nbsp;&nbsp;Direction :asc</br>]]>
    </line>
    <line>
      <![CDATA[</br>&nbsp;&nbsp;&nbsp;&nbsp;---> Product Price :£20.00 <---</br>]]>
    </line>
    <line>
      <![CDATA[</br>&nbsp;&nbsp;&nbsp;&nbsp;---> Value1 :20 <---</br>]]>
    </line>
    <line>
      <![CDATA[</br>&nbsp;&nbsp;&nbsp;&nbsp;---> Value2 :20 <---</br>]]>
    </line>
    <line>
      <![CDATA[</br>&nbsp;&nbsp;&nbsp;&nbsp;---> Product Price :£20.00 <---</br>]]>
    </line>
    <line>
      <![CDATA[</br>&nbsp;&nbsp;&nbsp;&nbsp;---> Value1 :20 <---</br>]]>
    </line>
    <line>
      <![CDATA[</br>&nbsp;&nbsp;&nbsp;&nbsp;---> Value2 :975 <---</br>]]>
    </line>
    <line>
      <![CDATA[</br>&nbsp;&nbsp;&nbsp;&nbsp;---> Product Price :£975.00 <---</br>]]>
    </line>
    <line>
      <![CDATA[</br>&nbsp;&nbsp;&nbsp;&nbsp;---> Value1 :975 <---</br>]]>
    </line>
    <line>
      <![CDATA[</br>&nbsp;&nbsp;&nbsp;&nbsp;---> Value2 :45 <---</br>]]>
    </line>
    <line>
      <![CDATA[</br>&nbsp;&nbsp;&nbsp;&nbsp;---> Product Price :£45.00 <---</br>]]>
    </line>
    <line>
      <![CDATA[</br>&nbsp;&nbsp;&nbsp;&nbsp;---> Value1 :45 <---</br>]]>
    </line>
    <line>
      <![CDATA[</br>&nbsp;&nbsp;&nbsp;&nbsp;---> Value2 :49 <---</br>]]>
    </line>
    <line>
      <![CDATA[</br>&nbsp;&nbsp;&nbsp;&nbsp;---> Product Price :£49.00 <---</br>]]>
    </line>
    <line>
      <![CDATA[</br>&nbsp;&nbsp;&nbsp;&nbsp;---> Value1 :49 <---</br>]]>
    </line>
    <line>
      <![CDATA[</br>&nbsp;&nbsp;&nbsp;&nbsp;---> Value2 :69 <---</br>]]>
    </line>
    <line>
      <![CDATA[</br>&nbsp;&nbsp;&nbsp;&nbsp;---> Product Price :£69.00 <---</br>]]>
    </line>
    <line>
      <![CDATA[</br>&nbsp;&nbsp;&nbsp;&nbsp;---> Value1 :69 <---</br>]]>
    </line>
    <line>
      <![CDATA[</br>&nbsp;&nbsp;&nbsp;&nbsp;---> Value2 :75 <---</br>]]>
    </line>
    <line>
      <![CDATA[</br>&nbsp;&nbsp;&nbsp;&nbsp;---> Product Price :£75.00 <---</br>]]>
    </line>
    <line>
      <![CDATA[</br>&nbsp;&nbsp;&nbsp;&nbsp;---> Value1 :75 <---</br>]]>
    </line>
    <line>
      <![CDATA[</br>&nbsp;&nbsp;&nbsp;&nbsp;---> Value2 :85 <---</br>]]>
    </line>
    <line>
      <![CDATA[</br>&nbsp;&nbsp;&nbsp;&nbsp;---> Product Price :£85.00 <---</br>]]>
    </line>
    <line>
      <![CDATA[</br>&nbsp;&nbsp;&nbsp;&nbsp;---> Value1 :85 <---</br>]]>
    </line>
    <line>
      <![CDATA[</br>&nbsp;&nbsp;&nbsp;&nbsp;---> Value2 :100 <---</br>]]>
    </line>
    <line>
      <![CDATA[</br>&nbsp;&nbsp;&nbsp;&nbsp;---> Product Price :£100.28 <---</br>]]>
    </line>
    <line>
      <![CDATA[</br>&nbsp;&nbsp;&nbsp;&nbsp;---> Value1 :100 <---</br>]]>
    </line>
    <line>
      <![CDATA[</br>&nbsp;&nbsp;&nbsp;&nbsp;---> Value2 :103 <---</br>]]>
    </line>
    <line>
      <![CDATA[</br>&nbsp;&nbsp;&nbsp;&nbsp;---> Product Price :£103.77 <---</br>]]>
    </line>
    <line>
      <![CDATA[</br>&nbsp;&nbsp;&nbsp;&nbsp;---> Value1 :103 <---</br>]]>
    </line>
    <line>
      <![CDATA[</br>&nbsp;&nbsp;&nbsp;&nbsp;---> Value2 :126 <---</br>]]>
    </line>
    <line>
      <![CDATA[</br>&nbsp;&nbsp;&nbsp;&nbsp;---> Product Price :£126.44 <---</br>]]>
    </line>
    <line>
      <![CDATA[</br>&nbsp;&nbsp;&nbsp;&nbsp;---> Value1 :126 <---</br>]]>
    </line>
    <line>
      <![CDATA[</br>&nbsp;&nbsp;&nbsp;&nbsp;---> Value2 :143 <---</br>]]>
    </line>
    <line>
      <![CDATA[</br>&nbsp;&nbsp;&nbsp;&nbsp;---> Product Price :£143.88 <---</br>]]>
    </line>
    <line>
      <![CDATA[</br>&nbsp;&nbsp;&nbsp;&nbsp;---> Value1 :143 <---</br>]]>
    </line>
    <line>
      <![CDATA[</br>&nbsp;&nbsp;&nbsp;&nbsp;---> Value2 :178 <---</br>]]>
    </line>
    <line>
      <![CDATA[</br>&nbsp;&nbsp;&nbsp;&nbsp;---> Product Price :£178.76 <---</br>]]>
    </line>
    <line>
      <![CDATA[</br>&nbsp;&nbsp;&nbsp;&nbsp;---> Value1 :178 <---</br>]]>
    </line>
    <line>
      <![CDATA[</br>&nbsp;&nbsp;&nbsp;&nbsp;---> Value2 :274 <---</br>]]>
    </line>
    <line>
      <![CDATA[</br>&nbsp;&nbsp;&nbsp;&nbsp;---> Product Price :£274.68 <---</br>]]>
    </line>
    <line>
      <![CDATA[</br>&nbsp;&nbsp;&nbsp;&nbsp;---> Value1 :274 <---</br>]]>
    </line>
    <line>
      <![CDATA[</br>&nbsp;&nbsp;&nbsp;&nbsp;---> Value2 :286 <---</br>]]>
    </line>
    <line>
      <![CDATA[</br>&nbsp;&nbsp;&nbsp;&nbsp;---> Product Price :£286.89 <---</br>]]>
    </line>
    <line>
      <![CDATA[</br>&nbsp;&nbsp;&nbsp;&nbsp;---> Value1 :286 <---</br>]]>
    </line>
    <line>
      <![CDATA[</br>&nbsp;&nbsp;&nbsp;&nbsp;---> Value2 :286 <---</br>]]>
    </line>
    <line>
      <![CDATA[</br>&nbsp;&nbsp;&nbsp;&nbsp;---> Product Price :£286.89 <---</br>]]>
    </line>
    <line>
      <![CDATA[</br>&nbsp;&nbsp;&nbsp;&nbsp;---> Value1 :286 <---</br>]]>
    </line>
    <line>
      <![CDATA[</br>&nbsp;&nbsp;&nbsp;&nbsp;---> Value2 :300 <---</br>]]>
    </line>
    <line>
      <![CDATA[</br>&nbsp;&nbsp;&nbsp;&nbsp;---> Product Price :£300.84 <---</br>]]>
    </line>
    <line>
      <![CDATA[</br>&nbsp;&nbsp;&nbsp;&nbsp;---> Value1 :300 <---</br>]]>
    </line>
    <line>
      <![CDATA[</br>&nbsp;&nbsp;&nbsp;&nbsp;---> Value2 :701 <---</br>]]>
    </line>
    <line>
      <![CDATA[</br>&nbsp;&nbsp;&nbsp;&nbsp;---> Product Price :£701.96 <---</br>]]>
    </line>
    <line>
      <![CDATA[</br>&nbsp;&nbsp;&nbsp;&nbsp;---> Value1 :701 <---</br>]]>
    </line>
    <line>
      <![CDATA[</br>&nbsp;&nbsp;&nbsp;&nbsp;---> Value2 :919 <---</br>]]>
    </line>
    <line>
      <![CDATA[</br>&nbsp;&nbsp;&nbsp;&nbsp;---> Product Price :£919.96 <---</br>]]>
    </line>
    <line>
      <![CDATA[</br>&nbsp;&nbsp;&nbsp;&nbsp;---> Value1 :919 <---</br>]]>
    </line>
    <line>
      <![CDATA[</br>&nbsp;&nbsp;&nbsp;&nbsp;---> Value2 :1050 <---</br>]]>
    </line>
    <line>
      <![CDATA[</br>&nbsp;&nbsp;&nbsp;&nbsp;---> Product Price :£1,050.76 <---</br>]]>
    </line>
    <line>
      <![CDATA[</br>&nbsp;&nbsp;&nbsp;&nbsp;---> Value1 :1050 <---</br>]]>
    </line>
    <line>
      <![CDATA[</br>&nbsp;&nbsp;&nbsp;&nbsp;---> Value2 :1172 <---</br>]]>
    </line>
    <line>
      <![CDATA[</br>&nbsp;&nbsp;&nbsp;&nbsp;---> Product Price :£1,172.84 <---</br>]]>
    </line>
    <line>
      <![CDATA[</br>&nbsp;&nbsp;&nbsp;&nbsp;---> Value1 :1172 <---</br>]]>
    </line>
    <line>
      <![CDATA[</br>&nbsp;&nbsp;&nbsp;&nbsp;---> Value2 :1202 <---</br>]]>
    </line>
    <line>
      <![CDATA[</br>&nbsp;&nbsp;&nbsp;&nbsp;---> Product Price :£1,202.49 <---</br>]]>
    </line>
    <line>
      <![CDATA[</br>&nbsp;&nbsp;&nbsp;&nbsp;---> Value1 :1202 <---</br>]]>
    </line>
    <line>
      <![CDATA[</br>&nbsp;&nbsp;&nbsp;&nbsp;---> Value2 :2105 <---</br>]]>
    </line>
    <line>
      <![CDATA[</br>&nbsp;&nbsp;&nbsp;&nbsp;---> Product Price :£2,105.88 <---</br>]]>
    </line>
    <line>
      <![CDATA[</br>&nbsp;&nbsp;&nbsp;&nbsp;---> Value1 :2105 <---</br>]]>
    </line>
    <line>
      <![CDATA[</br>&nbsp;&nbsp;&nbsp;&nbsp;---> Value2 :2402 <---</br>]]>
    </line>
    <line>
      <![CDATA[</br>&nbsp;&nbsp;&nbsp;&nbsp;---> Product Price :£2,402.36 <---</br>]]>
    </line>
    <line>
      <![CDATA[</br>&nbsp;&nbsp;&nbsp;&nbsp;Flag = 22</br>]]>
    </line>
    <line>
      <![CDATA[</br>&nbsp;&nbsp;&nbsp;&nbsp;<hr size='15px' noshade color='green'></br>]]>
    </line>
    <line>
      <![CDATA[<strong> <h3 style="color:DarkGreen">  &#10004; <i>  SUCCESSFUL </i></h3> </strong> ]]>
    </line>
  </reporter-output>
  <suite name="3DBroadCastSales_Functional_Test_Suite" duration-ms="111342" started-at="2019-01-23T17:39:46Z" finished-at="2019-01-23T17:41:38Z">
    <groups>
    </groups>
    <test name="TC_Menu_Page_03: Verify Any Menu page Functionalities" duration-ms="111342" started-at="2019-01-23T17:39:46Z" finished-at="2019-01-23T17:41:38Z">
      <class name="com.automation.index.PackageIndex">
        <test-method status="PASS" signature="fetchSuiteConfiguration(org.testng.ITestContext)[pri:0, instance:com.automation.index.PackageIndex@3632be31]" name="fetchSuiteConfiguration" is-config="true" duration-ms="1146" started-at="2019-01-23T17:39:46Z" finished-at="2019-01-23T17:39:48Z">
          <params>
            <param index="0">
              <value>
                <![CDATA[org.testng.TestRunner@5a1c0542]]>
              </value>
            </param>
          </params>
          <reporter-output>
          </reporter-output>
        </test-method> <!-- fetchSuiteConfiguration -->
        <test-method status="PASS" signature="setUp(java.lang.reflect.Method, org.testng.ITestContext)[pri:0, instance:com.automation.index.PackageIndex@3632be31]" name="setUp" is-config="true" duration-ms="12411" started-at="2019-01-23T17:39:48Z" finished-at="2019-01-23T17:40:00Z">
          <params>
            <param index="0">
              <value>
                <![CDATA[public void com.automation.index.PackageIndex.TC_Menu_Page_03()]]>
              </value>
            </param>
            <param index="1">
              <value>
                <![CDATA[org.testng.TestRunner@5a1c0542]]>
              </value>
            </param>
          </params>
          <reporter-output>
          </reporter-output>
        </test-method> <!-- setUp -->
        <test-method status="PASS" signature="TC_Menu_Page_03()[pri:0, instance:com.automation.index.PackageIndex@3632be31]" name="TC_Menu_Page_03" duration-ms="86968" started-at="2019-01-23T17:40:00Z" finished-at="2019-01-23T17:41:27Z">
          <reporter-output>
            <line>
              <![CDATA[<strong> <h3 style="color:DarkViolet">  </h3> </strong>]]>
            </line>
            <line>
              <![CDATA[<strong> <h3 style="color:DarkViolet"> Verify Any Menu page with Below Functionality.</h3> </strong>]]>
            </line>
            <line>
              <![CDATA[<strong> <h3 style="color:DarkViolet"> • Shopping options</h3> </strong>]]>
            </line>
            <line>
              <![CDATA[<strong> <h3 style="color:DarkViolet"> • Sort By</h3> </strong>]]>
            </line>
            <line>
              <![CDATA[<strong> <h3 style="color:DarkViolet"> • Show per page</h3> </strong>]]>
            </line>
            <line>
              <![CDATA[<br><strong>Step1: Open the Url--> https://staging.3dbroadcastsales.com/</strong></br>]]>
            </line>
            <line>
              <![CDATA[</br>&nbsp;&nbsp;&nbsp;&nbsp;=====> 3dbroadcastsales home page open <=====</br>]]>
            </line>
            <line>
              <![CDATA[<strong> <h3 style="color:DarkGreen">  &#10004; <i>  SUCCESSFUL </i></h3> </strong> ]]>
            </line>
            <line>
              <![CDATA[<br><strong>Step2: Mouse Hover on [Cameras] menu</strong></br>]]>
            </line>
            <line>
              <![CDATA[<br><strong>Step3: Click on [Cinematic Cameras]sub menu</strong></br>]]>
            </line>
            <line>
              <![CDATA[</br>&nbsp;&nbsp;&nbsp;&nbsp;---> Page Name has been Verified <---</br>]]>
            </line>
            <line>
              <![CDATA[</br>&nbsp;&nbsp;&nbsp;&nbsp;---> Shopping Options [Category] is Displayed <---</br>]]>
            </line>
            <line>
              <![CDATA[</br>&nbsp;&nbsp;&nbsp;&nbsp;---> Shopping Options [Manufaturer] is Displayed <--</br>]]>
            </line>
            <line>
              <![CDATA[</br>&nbsp;&nbsp;&nbsp;&nbsp;---> Product Name is :Canon C100 Mark II Digital Video Camera No Lens - 0202C007 <---</br>]]>
            </line>
            <line>
              <![CDATA[</br>&nbsp;&nbsp;&nbsp;&nbsp;---> Product Name is Dispayed <---</br>]]>
            </line>
            <line>
              <![CDATA[</br>&nbsp;&nbsp;&nbsp;&nbsp;---> Product Price[inc VAT] is :£2,970.00 <---</br>]]>
            </line>
            <line>
              <![CDATA[</br>&nbsp;&nbsp;&nbsp;&nbsp;---> Product Price[exc VAT] is :£2,475.00 <---</br>]]>
            </line>
            <line>
              <![CDATA[</br>&nbsp;&nbsp;&nbsp;&nbsp;---> Product price is Dispayed <---</br>]]>
            </line>
            <line>
              <![CDATA[</br>&nbsp;&nbsp;&nbsp;&nbsp;---> Product Add to Basket Button is Displayed <---</br>]]>
            </line>
            <line>
              <![CDATA[</br>&nbsp;&nbsp;&nbsp;&nbsp;---> Product image is Displayed <---</br>]]>
            </line>
            <line>
              <![CDATA[</br>&nbsp;&nbsp;&nbsp;&nbsp;---> Product WishList icon is Displayed <---</br>]]>
            </line>
            <line>
              <![CDATA[</br>&nbsp;&nbsp;&nbsp;&nbsp;---> Product Compare icon is Displayed <---</br>]]>
            </line>
            <line>
              <![CDATA[</br>&nbsp;&nbsp;&nbsp;&nbsp;---> Number of items :24 <---</br>]]>
            </line>
            <line>
              <![CDATA[</br>&nbsp;&nbsp;&nbsp;&nbsp;---> Number of prices :48 <---</br>]]>
            </line>
            <line>
              <![CDATA[</br>&nbsp;&nbsp;&nbsp;&nbsp;---> Number of add to basket button :24 <---</br>]]>
            </line>
            <line>
              <![CDATA[</br>&nbsp;&nbsp;&nbsp;&nbsp;---> Number of images :24 <---</br>]]>
            </line>
            <line>
              <![CDATA[</br>&nbsp;&nbsp;&nbsp;&nbsp;---> Number of wishlist icon :24 <---</br>]]>
            </line>
            <line>
              <![CDATA[</br>&nbsp;&nbsp;&nbsp;&nbsp;---> Number of compare icon :24 <---</br>]]>
            </line>
            <line>
              <![CDATA[</br>&nbsp;&nbsp;&nbsp;&nbsp;---> Number of Products||Prices||AddtoBasket Button, Verified<---</br>]]>
            </line>
            <line>
              <![CDATA[</br>&nbsp;&nbsp;&nbsp;&nbsp;---> Product Images||WishList||Compare List, Verified <---</br>]]>
            </line>
            <line>
              <![CDATA[</br>&nbsp;&nbsp;&nbsp;&nbsp;---> All Products has the above Details/Elements, Verified  <---</br>]]>
            </line>
            <line>
              <![CDATA[</br>&nbsp;&nbsp;&nbsp;&nbsp;<hr size='15px' noshade color='green'></br>]]>
            </line>
            <line>
              <![CDATA[<strong> <h3 style="color:DarkGreen">  &#10004; <i>  SUCCESSFUL </i></h3> </strong> ]]>
            </line>
            <line>
              <![CDATA[<br><strong>Step4: Click on any [Category]</strong></br>]]>
            </line>
            <line>
              <![CDATA[</br>&nbsp;&nbsp;&nbsp;&nbsp;---> Click on :Blackmagic Cameras Category <---</br>]]>
            </line>
            <line>
              <![CDATA[</br>&nbsp;&nbsp;&nbsp;&nbsp;String to match :Blackm</br>]]>
            </line>
            <line>
              <![CDATA[</br>&nbsp;&nbsp;&nbsp;&nbsp;Product Name :BlackMagic Design Pocket Cinema Camera 4K - BMD-CINECAMPOCHDMFT4K</br>]]>
            </line>
            <line>
              <![CDATA[</br>&nbsp;&nbsp;&nbsp;&nbsp;Product Name :Blackmagic Design Micro Cinema Camera with MFT lens mount (Body only), SKU: BMD-CINECAMMICHDMFT</br>]]>
            </line>
            <line>
              <![CDATA[</br>&nbsp;&nbsp;&nbsp;&nbsp;Product Name :Blackmagic Design Micro Studio Camera 4K with MFT Lens Mount (Body Only), SKU: BMD-CINSTUDMFT/UHD/MR</br>]]>
            </line>
            <line>
              <![CDATA[</br>&nbsp;&nbsp;&nbsp;&nbsp;Product Name :Blackmagic Design URSA Broadcast 4K UHD Studio & OB ENG Camera - BMD-CINEURSAMC4K</br>]]>
            </line>
            <line>
              <![CDATA[</br>&nbsp;&nbsp;&nbsp;&nbsp;Product Name :Blackmagic Design URSA Broadcast ENG Camera Kit - BMD-CINEURSAMC4K-KIT</br>]]>
            </line>
            <line>
              <![CDATA[</br>&nbsp;&nbsp;&nbsp;&nbsp;Product Name :Blackmagic Design URSA Broadcast ENG Camera Kit with 20x Fujinon Lens</br>]]>
            </line>
            <line>
              <![CDATA[</br>&nbsp;&nbsp;&nbsp;&nbsp;Product Name :Blackmagic Design URSA Broadcast ENG PRO Camera Kit with 20x Fujinon Lens w/ 2x Extender</br>]]>
            </line>
            <line>
              <![CDATA[</br>&nbsp;&nbsp;&nbsp;&nbsp;Product Name :Blackmagic Design URSA Mini Pro 4.6K Camera (Body Only) - BMD-CINEURSAMUPRO46K</br>]]>
            </line>
            <line>
              <![CDATA[</br>&nbsp;&nbsp;&nbsp;&nbsp;Product Name :Blackmagic Design URSA Mini 4K EF (Body Only) - BMD-CINECAMURSAM40K/EF</br>]]>
            </line>
            <line>
              <![CDATA[</br>&nbsp;&nbsp;&nbsp;&nbsp;Product Name :Blackmagic Design URSA Mini 4K PL Camera (Body Only), SKU: BMD-CINECAMURSAM40K/PL</br>]]>
            </line>
            <line>
              <![CDATA[</br>&nbsp;&nbsp;&nbsp;&nbsp;Product Name :Blackmagic Design URSA Mini 4.6K EF Camera (Body Only), SKU: BMD-CINECAMURSAM46K/EF</br>]]>
            </line>
            <line>
              <![CDATA[</br>&nbsp;&nbsp;&nbsp;&nbsp;Product Name :Blackmagic Design URSA Mini 4.6K PL Camera (Body Only), SKU: BMD-CINECAMURSAM46K/PL</br>]]>
            </line>
            <line>
              <![CDATA[</br>&nbsp;&nbsp;&nbsp;&nbsp;Product Name :Blackmagic Design Studio Camera, HD, (Without Fibre SFP Module) SKU: BMD-CINSTUDMFT/HDNF</br>]]>
            </line>
            <line>
              <![CDATA[</br>&nbsp;&nbsp;&nbsp;&nbsp;Product Name :Blackmagic Design Studio Camera 4K, (Without Fibre SFP Module) SKU: BMD-CINSTUDMFT/UHD/2</br>]]>
            </line>
            <line>
              <![CDATA[</br>&nbsp;&nbsp;&nbsp;&nbsp;Product Name :Blackmagic Replacement Body Cap for Select Cameras with MFT Mount - BMD-BMCASS/LENSCAPMFT</br>]]>
            </line>
            <line>
              <![CDATA[</br>&nbsp;&nbsp;&nbsp;&nbsp;Product Name :Blackmagic Design URSA Mini SSD Recorder - BMD-CINEURSASHMSSD</br>]]>
            </line>
            <line>
              <![CDATA[</br>&nbsp;&nbsp;&nbsp;&nbsp;Product Name :Blackmagic URSA Mini Mic Mount - BMD-CINEURSASHSMC</br>]]>
            </line>
            <line>
              <![CDATA[</br>&nbsp;&nbsp;&nbsp;&nbsp;Product Name :Blackmagic Replacement Body Cap for Select Cameras with EF Mount</br>]]>
            </line>
            <line>
              <![CDATA[</br>&nbsp;&nbsp;&nbsp;&nbsp;Product Name :Blackmagic Design URSA Mini Pro Shim Kit</br>]]>
            </line>
            <line>
              <![CDATA[</br>&nbsp;&nbsp;&nbsp;&nbsp;Product Name :Blackmagic Design URSA Mini Pro B4 Mount</br>]]>
            </line>
            <line>
              <![CDATA[</br>&nbsp;&nbsp;&nbsp;&nbsp;Product Name :BlackMagic Design URSA Mini Pro PL Mount</br>]]>
            </line>
            <line>
              <![CDATA[</br>&nbsp;&nbsp;&nbsp;&nbsp;Product Name :Blackmagic Design URSA Mini Pro EF Mount</br>]]>
            </line>
            <line>
              <![CDATA[</br>&nbsp;&nbsp;&nbsp;&nbsp;Product Name :FieldCast FCT-ADSTUCAMHB Adapter Two Hybrid</br>]]>
            </line>
            <line>
              <![CDATA[</br>&nbsp;&nbsp;&nbsp;&nbsp;Product Name :Blackmagic Design Power Supply URSA 12v 100w, SKU: BMD-PSUPPLY-XLR/12V100W</br>]]>
            </line>
            <line>
              <![CDATA[</br>&nbsp;&nbsp;&nbsp;&nbsp;<hr size='15px' noshade color='red'></br>]]>
            </line>
            <line>
              <![CDATA[<strong> <h3 style="color:DarkRed"> &#10008; <i> UNSUCCESSFUL </i></h3> </strong>]]>
            </line>
            <line>
              <![CDATA[</br>&nbsp;&nbsp;&nbsp;&nbsp;<br><Strong><font color=#FF0000>--Failed</font></strong></br>]]>
            </line>
            <line>
              <![CDATA[</br>&nbsp;&nbsp;&nbsp;&nbsp;<a href='screenshots/MenuPage_Category_Failed.png' target='_new'>MenuPage_Category_Failed.png</a></br>]]>
            </line>
            <line>
              <![CDATA[<br><strong>Step5: Click on any [Manufacturer]</strong></br>]]>
            </line>
            <line>
              <![CDATA[</br>&nbsp;&nbsp;&nbsp;&nbsp;---> Click on :BlackMagic Design Category <---</br>]]>
            </line>
            <line>
              <![CDATA[</br>&nbsp;&nbsp;&nbsp;&nbsp;String to match :BlackMagic</br>]]>
            </line>
            <line>
              <![CDATA[</br>&nbsp;&nbsp;&nbsp;&nbsp;Product Name :BlackMagic Design Pocket Cinema Camera 4K - BMD-CINECAMPOCHDMFT4K</br>]]>
            </line>
            <line>
              <![CDATA[</br>&nbsp;&nbsp;&nbsp;&nbsp;Product Name :Blackmagic Design Micro Cinema Camera with MFT lens mount (Body only), SKU: BMD-CINECAMMICHDMFT</br>]]>
            </line>
            <line>
              <![CDATA[</br>&nbsp;&nbsp;&nbsp;&nbsp;Product Name :Blackmagic Design Micro Studio Camera 4K with MFT Lens Mount (Body Only), SKU: BMD-CINSTUDMFT/UHD/MR</br>]]>
            </line>
            <line>
              <![CDATA[</br>&nbsp;&nbsp;&nbsp;&nbsp;Product Name :Blackmagic Design URSA Broadcast 4K UHD Studio & OB ENG Camera - BMD-CINEURSAMC4K</br>]]>
            </line>
            <line>
              <![CDATA[</br>&nbsp;&nbsp;&nbsp;&nbsp;Product Name :Blackmagic Design URSA Broadcast ENG Camera Kit - BMD-CINEURSAMC4K-KIT</br>]]>
            </line>
            <line>
              <![CDATA[</br>&nbsp;&nbsp;&nbsp;&nbsp;Product Name :Blackmagic Design URSA Broadcast ENG Camera Kit with 20x Fujinon Lens</br>]]>
            </line>
            <line>
              <![CDATA[</br>&nbsp;&nbsp;&nbsp;&nbsp;Product Name :Blackmagic Design URSA Broadcast ENG PRO Camera Kit with 20x Fujinon Lens w/ 2x Extender</br>]]>
            </line>
            <line>
              <![CDATA[</br>&nbsp;&nbsp;&nbsp;&nbsp;Product Name :Blackmagic Design URSA Mini Pro 4.6K Camera (Body Only) - BMD-CINEURSAMUPRO46K</br>]]>
            </line>
            <line>
              <![CDATA[</br>&nbsp;&nbsp;&nbsp;&nbsp;Product Name :Blackmagic Design URSA Mini 4K EF (Body Only) - BMD-CINECAMURSAM40K/EF</br>]]>
            </line>
            <line>
              <![CDATA[</br>&nbsp;&nbsp;&nbsp;&nbsp;Product Name :Blackmagic Design URSA Mini 4K PL Camera (Body Only), SKU: BMD-CINECAMURSAM40K/PL</br>]]>
            </line>
            <line>
              <![CDATA[</br>&nbsp;&nbsp;&nbsp;&nbsp;Product Name :Blackmagic Design URSA Mini 4.6K EF Camera (Body Only), SKU: BMD-CINECAMURSAM46K/EF</br>]]>
            </line>
            <line>
              <![CDATA[</br>&nbsp;&nbsp;&nbsp;&nbsp;Product Name :Blackmagic Design URSA Mini 4.6K PL Camera (Body Only), SKU: BMD-CINECAMURSAM46K/PL</br>]]>
            </line>
            <line>
              <![CDATA[</br>&nbsp;&nbsp;&nbsp;&nbsp;Product Name :Blackmagic Design Studio Camera, HD, (Without Fibre SFP Module) SKU: BMD-CINSTUDMFT/HDNF</br>]]>
            </line>
            <line>
              <![CDATA[</br>&nbsp;&nbsp;&nbsp;&nbsp;Product Name :Blackmagic Design Studio Camera 4K, (Without Fibre SFP Module) SKU: BMD-CINSTUDMFT/UHD/2</br>]]>
            </line>
            <line>
              <![CDATA[</br>&nbsp;&nbsp;&nbsp;&nbsp;Product Name :Blackmagic Replacement Body Cap for Select Cameras with MFT Mount - BMD-BMCASS/LENSCAPMFT</br>]]>
            </line>
            <line>
              <![CDATA[</br>&nbsp;&nbsp;&nbsp;&nbsp;Product Name :Blackmagic Design URSA Mini SSD Recorder - BMD-CINEURSASHMSSD</br>]]>
            </line>
            <line>
              <![CDATA[</br>&nbsp;&nbsp;&nbsp;&nbsp;Product Name :Blackmagic URSA Mini Mic Mount - BMD-CINEURSASHSMC</br>]]>
            </line>
            <line>
              <![CDATA[</br>&nbsp;&nbsp;&nbsp;&nbsp;Product Name :Blackmagic Replacement Body Cap for Select Cameras with EF Mount</br>]]>
            </line>
            <line>
              <![CDATA[</br>&nbsp;&nbsp;&nbsp;&nbsp;Product Name :Blackmagic Design URSA Mini Pro Shim Kit</br>]]>
            </line>
            <line>
              <![CDATA[</br>&nbsp;&nbsp;&nbsp;&nbsp;Product Name :Blackmagic Design URSA Mini Pro B4 Mount</br>]]>
            </line>
            <line>
              <![CDATA[</br>&nbsp;&nbsp;&nbsp;&nbsp;Product Name :BlackMagic Design URSA Mini Pro PL Mount</br>]]>
            </line>
            <line>
              <![CDATA[</br>&nbsp;&nbsp;&nbsp;&nbsp;Product Name :Blackmagic Design URSA Mini Pro EF Mount</br>]]>
            </line>
            <line>
              <![CDATA[</br>&nbsp;&nbsp;&nbsp;&nbsp;Product Name :Blackmagic Design Power Supply URSA 12v 100w, SKU: BMD-PSUPPLY-XLR/12V100W</br>]]>
            </line>
            <line>
              <![CDATA[</br>&nbsp;&nbsp;&nbsp;&nbsp;Product Name :Blackmagic Design Power Supply - Pocket Cinema Camera, SKU: BMD-PS-12V10W</br>]]>
            </line>
            <line>
              <![CDATA[</br>&nbsp;&nbsp;&nbsp;&nbsp;<hr size='15px' noshade color='green'></br>]]>
            </line>
            <line>
              <![CDATA[<strong> <h3 style="color:DarkGreen">  &#10004; <i>  SUCCESSFUL </i></h3> </strong> ]]>
            </line>
            <line>
              <![CDATA[<br><strong>Step6: Click on Sort By option : Price : Ascending</strong></br>]]>
            </line>
            <line>
              <![CDATA[</br>&nbsp;&nbsp;&nbsp;&nbsp;Direction :asc</br>]]>
            </line>
            <line>
              <![CDATA[</br>&nbsp;&nbsp;&nbsp;&nbsp;---> Product Price :£20.00 <---</br>]]>
            </line>
            <line>
              <![CDATA[</br>&nbsp;&nbsp;&nbsp;&nbsp;---> Value1 :20 <---</br>]]>
            </line>
            <line>
              <![CDATA[</br>&nbsp;&nbsp;&nbsp;&nbsp;---> Value2 :20 <---</br>]]>
            </line>
            <line>
              <![CDATA[</br>&nbsp;&nbsp;&nbsp;&nbsp;---> Product Price :£20.00 <---</br>]]>
            </line>
            <line>
              <![CDATA[</br>&nbsp;&nbsp;&nbsp;&nbsp;---> Value1 :20 <---</br>]]>
            </line>
            <line>
              <![CDATA[</br>&nbsp;&nbsp;&nbsp;&nbsp;---> Value2 :975 <---</br>]]>
            </line>
            <line>
              <![CDATA[</br>&nbsp;&nbsp;&nbsp;&nbsp;---> Product Price :£975.00 <---</br>]]>
            </line>
            <line>
              <![CDATA[</br>&nbsp;&nbsp;&nbsp;&nbsp;---> Value1 :975 <---</br>]]>
            </line>
            <line>
              <![CDATA[</br>&nbsp;&nbsp;&nbsp;&nbsp;---> Value2 :45 <---</br>]]>
            </line>
            <line>
              <![CDATA[</br>&nbsp;&nbsp;&nbsp;&nbsp;---> Product Price :£45.00 <---</br>]]>
            </line>
            <line>
              <![CDATA[</br>&nbsp;&nbsp;&nbsp;&nbsp;---> Value1 :45 <---</br>]]>
            </line>
            <line>
              <![CDATA[</br>&nbsp;&nbsp;&nbsp;&nbsp;---> Value2 :49 <---</br>]]>
            </line>
            <line>
              <![CDATA[</br>&nbsp;&nbsp;&nbsp;&nbsp;---> Product Price :£49.00 <---</br>]]>
            </line>
            <line>
              <![CDATA[</br>&nbsp;&nbsp;&nbsp;&nbsp;---> Value1 :49 <---</br>]]>
            </line>
            <line>
              <![CDATA[</br>&nbsp;&nbsp;&nbsp;&nbsp;---> Value2 :69 <---</br>]]>
            </line>
            <line>
              <![CDATA[</br>&nbsp;&nbsp;&nbsp;&nbsp;---> Product Price :£69.00 <---</br>]]>
            </line>
            <line>
              <![CDATA[</br>&nbsp;&nbsp;&nbsp;&nbsp;---> Value1 :69 <---</br>]]>
            </line>
            <line>
              <![CDATA[</br>&nbsp;&nbsp;&nbsp;&nbsp;---> Value2 :75 <---</br>]]>
            </line>
            <line>
              <![CDATA[</br>&nbsp;&nbsp;&nbsp;&nbsp;---> Product Price :£75.00 <---</br>]]>
            </line>
            <line>
              <![CDATA[</br>&nbsp;&nbsp;&nbsp;&nbsp;---> Value1 :75 <---</br>]]>
            </line>
            <line>
              <![CDATA[</br>&nbsp;&nbsp;&nbsp;&nbsp;---> Value2 :85 <---</br>]]>
            </line>
            <line>
              <![CDATA[</br>&nbsp;&nbsp;&nbsp;&nbsp;---> Product Price :£85.00 <---</br>]]>
            </line>
            <line>
              <![CDATA[</br>&nbsp;&nbsp;&nbsp;&nbsp;---> Value1 :85 <---</br>]]>
            </line>
            <line>
              <![CDATA[</br>&nbsp;&nbsp;&nbsp;&nbsp;---> Value2 :100 <---</br>]]>
            </line>
            <line>
              <![CDATA[</br>&nbsp;&nbsp;&nbsp;&nbsp;---> Product Price :£100.28 <---</br>]]>
            </line>
            <line>
              <![CDATA[</br>&nbsp;&nbsp;&nbsp;&nbsp;---> Value1 :100 <---</br>]]>
            </line>
            <line>
              <![CDATA[</br>&nbsp;&nbsp;&nbsp;&nbsp;---> Value2 :103 <---</br>]]>
            </line>
            <line>
              <![CDATA[</br>&nbsp;&nbsp;&nbsp;&nbsp;---> Product Price :£103.77 <---</br>]]>
            </line>
            <line>
              <![CDATA[</br>&nbsp;&nbsp;&nbsp;&nbsp;---> Value1 :103 <---</br>]]>
            </line>
            <line>
              <![CDATA[</br>&nbsp;&nbsp;&nbsp;&nbsp;---> Value2 :126 <---</br>]]>
            </line>
            <line>
              <![CDATA[</br>&nbsp;&nbsp;&nbsp;&nbsp;---> Product Price :£126.44 <---</br>]]>
            </line>
            <line>
              <![CDATA[</br>&nbsp;&nbsp;&nbsp;&nbsp;---> Value1 :126 <---</br>]]>
            </line>
            <line>
              <![CDATA[</br>&nbsp;&nbsp;&nbsp;&nbsp;---> Value2 :143 <---</br>]]>
            </line>
            <line>
              <![CDATA[</br>&nbsp;&nbsp;&nbsp;&nbsp;---> Product Price :£143.88 <---</br>]]>
            </line>
            <line>
              <![CDATA[</br>&nbsp;&nbsp;&nbsp;&nbsp;---> Value1 :143 <---</br>]]>
            </line>
            <line>
              <![CDATA[</br>&nbsp;&nbsp;&nbsp;&nbsp;---> Value2 :178 <---</br>]]>
            </line>
            <line>
              <![CDATA[</br>&nbsp;&nbsp;&nbsp;&nbsp;---> Product Price :£178.76 <---</br>]]>
            </line>
            <line>
              <![CDATA[</br>&nbsp;&nbsp;&nbsp;&nbsp;---> Value1 :178 <---</br>]]>
            </line>
            <line>
              <![CDATA[</br>&nbsp;&nbsp;&nbsp;&nbsp;---> Value2 :274 <---</br>]]>
            </line>
            <line>
              <![CDATA[</br>&nbsp;&nbsp;&nbsp;&nbsp;---> Product Price :£274.68 <---</br>]]>
            </line>
            <line>
              <![CDATA[</br>&nbsp;&nbsp;&nbsp;&nbsp;---> Value1 :274 <---</br>]]>
            </line>
            <line>
              <![CDATA[</br>&nbsp;&nbsp;&nbsp;&nbsp;---> Value2 :286 <---</br>]]>
            </line>
            <line>
              <![CDATA[</br>&nbsp;&nbsp;&nbsp;&nbsp;---> Product Price :£286.89 <---</br>]]>
            </line>
            <line>
              <![CDATA[</br>&nbsp;&nbsp;&nbsp;&nbsp;---> Value1 :286 <---</br>]]>
            </line>
            <line>
              <![CDATA[</br>&nbsp;&nbsp;&nbsp;&nbsp;---> Value2 :286 <---</br>]]>
            </line>
            <line>
              <![CDATA[</br>&nbsp;&nbsp;&nbsp;&nbsp;---> Product Price :£286.89 <---</br>]]>
            </line>
            <line>
              <![CDATA[</br>&nbsp;&nbsp;&nbsp;&nbsp;---> Value1 :286 <---</br>]]>
            </line>
            <line>
              <![CDATA[</br>&nbsp;&nbsp;&nbsp;&nbsp;---> Value2 :300 <---</br>]]>
            </line>
            <line>
              <![CDATA[</br>&nbsp;&nbsp;&nbsp;&nbsp;---> Product Price :£300.84 <---</br>]]>
            </line>
            <line>
              <![CDATA[</br>&nbsp;&nbsp;&nbsp;&nbsp;---> Value1 :300 <---</br>]]>
            </line>
            <line>
              <![CDATA[</br>&nbsp;&nbsp;&nbsp;&nbsp;---> Value2 :701 <---</br>]]>
            </line>
            <line>
              <![CDATA[</br>&nbsp;&nbsp;&nbsp;&nbsp;---> Product Price :£701.96 <---</br>]]>
            </line>
            <line>
              <![CDATA[</br>&nbsp;&nbsp;&nbsp;&nbsp;---> Value1 :701 <---</br>]]>
            </line>
            <line>
              <![CDATA[</br>&nbsp;&nbsp;&nbsp;&nbsp;---> Value2 :919 <---</br>]]>
            </line>
            <line>
              <![CDATA[</br>&nbsp;&nbsp;&nbsp;&nbsp;---> Product Price :£919.96 <---</br>]]>
            </line>
            <line>
              <![CDATA[</br>&nbsp;&nbsp;&nbsp;&nbsp;---> Value1 :919 <---</br>]]>
            </line>
            <line>
              <![CDATA[</br>&nbsp;&nbsp;&nbsp;&nbsp;---> Value2 :1050 <---</br>]]>
            </line>
            <line>
              <![CDATA[</br>&nbsp;&nbsp;&nbsp;&nbsp;---> Product Price :£1,050.76 <---</br>]]>
            </line>
            <line>
              <![CDATA[</br>&nbsp;&nbsp;&nbsp;&nbsp;---> Value1 :1050 <---</br>]]>
            </line>
            <line>
              <![CDATA[</br>&nbsp;&nbsp;&nbsp;&nbsp;---> Value2 :1172 <---</br>]]>
            </line>
            <line>
              <![CDATA[</br>&nbsp;&nbsp;&nbsp;&nbsp;---> Product Price :£1,172.84 <---</br>]]>
            </line>
            <line>
              <![CDATA[</br>&nbsp;&nbsp;&nbsp;&nbsp;---> Value1 :1172 <---</br>]]>
            </line>
            <line>
              <![CDATA[</br>&nbsp;&nbsp;&nbsp;&nbsp;---> Value2 :1202 <---</br>]]>
            </line>
            <line>
              <![CDATA[</br>&nbsp;&nbsp;&nbsp;&nbsp;---> Product Price :£1,202.49 <---</br>]]>
            </line>
            <line>
              <![CDATA[</br>&nbsp;&nbsp;&nbsp;&nbsp;---> Value1 :1202 <---</br>]]>
            </line>
            <line>
              <![CDATA[</br>&nbsp;&nbsp;&nbsp;&nbsp;---> Value2 :2105 <---</br>]]>
            </line>
            <line>
              <![CDATA[</br>&nbsp;&nbsp;&nbsp;&nbsp;---> Product Price :£2,105.88 <---</br>]]>
            </line>
            <line>
              <![CDATA[</br>&nbsp;&nbsp;&nbsp;&nbsp;---> Value1 :2105 <---</br>]]>
            </line>
            <line>
              <![CDATA[</br>&nbsp;&nbsp;&nbsp;&nbsp;---> Value2 :2402 <---</br>]]>
            </line>
            <line>
              <![CDATA[</br>&nbsp;&nbsp;&nbsp;&nbsp;---> Product Price :£2,402.36 <---</br>]]>
            </line>
            <line>
              <![CDATA[</br>&nbsp;&nbsp;&nbsp;&nbsp;Flag = 22</br>]]>
            </line>
            <line>
              <![CDATA[</br>&nbsp;&nbsp;&nbsp;&nbsp;<hr size='15px' noshade color='green'></br>]]>
            </line>
            <line>
              <![CDATA[<strong> <h3 style="color:DarkGreen">  &#10004; <i>  SUCCESSFUL </i></h3> </strong> ]]>
            </line>
          </reporter-output>
        </test-method> <!-- TC_Menu_Page_03 -->
        <test-method status="PASS" signature="tearDown(org.testng.ITestResult)[pri:0, instance:com.automation.index.PackageIndex@3632be31]" name="tearDown" is-config="true" duration-ms="10798" started-at="2019-01-23T17:41:27Z" finished-at="2019-01-23T17:41:38Z">
          <params>
            <param index="0">
              <value>
                <![CDATA[[TestResult name=TC_Menu_Page_03 status=SUCCESS method=PackageIndex.TC_Menu_Page_03()[pri:0, instance:com.automation.index.PackageIndex@3632be31] output=<strong> <h3 style="color:DarkViolet">  </h3> </strong>]]]>
              </value>
            </param>
          </params>
          <reporter-output>
          </reporter-output>
        </test-method> <!-- tearDown -->
      </class> <!-- com.automation.index.PackageIndex -->
    </test> <!-- TC_Menu_Page_03: Verify Any Menu page Functionalities -->
  </suite> <!-- 3DBroadCastSales_Functional_Test_Suite -->
</testng-results>
