<?xml version="1.0" encoding="UTF-8"?>
<!-- Generated by org.testng.reporters.JUnitXMLReporter -->
<testsuite hostname="Sales" ignored="31" name="TC_DB_03: Verify E2E workflow for package creation and upload signed document with two signer." tests="1" failures="1" timestamp="03 Jan 2019 12:33:43 GMT" time="113.009" errors="0">
  <testcase name="TC_DB_03" time="99.106" classname="com.automation.index.PackageIndex">
    <failure type="java.lang.NullPointerException">
      <![CDATA[java.lang.NullPointerException
at org.openqa.selenium.support.pagefactory.internal.LocatingElementHandler.invoke(LocatingElementHandler.java:51)
at com.sun.proxy.$Proxy8.toString(Unknown Source)
at java.lang.String.valueOf(Unknown Source)
at java.lang.StringBuilder.append(Unknown Source)
at org.openqa.selenium.support.ui.ExpectedConditions$10.toString(ExpectedConditions.java:306)
at java.lang.String.valueOf(Unknown Source)
at java.lang.StringBuilder.append(Unknown Source)
at org.openqa.selenium.support.ui.FluentWait.until(FluentWait.java:267)
at com.automation.utility.Common.waitForElement(Common.java:1072)
at com.automation.indexpage.PackageIndexpage.enterUsername(PackageIndexpage.java:36)
at com.automation.index.PackageIndex.TC_DB_03(PackageIndex.java:655)
at java.util.concurrent.FutureTask.run(Unknown Source)
at java.util.concurrent.ThreadPoolExecutor.runWorker(Unknown Source)
at java.util.concurrent.ThreadPoolExecutor$Worker.run(Unknown Source)
at java.lang.Thread.run(Unknown Source)
... Removed 20 stack frames]]>
    </failure>
  </testcase> <!-- TC_DB_03 -->
  <testcase name="TC_DB_30" time="0.0" classname="com.automation.index.PackageIndex">
    <ignored/>
  </testcase> <!-- TC_DB_30 -->
  <testcase name="TC_DB_36" time="0.0" classname="com.automation.index.PackageIndex">
    <ignored/>
  </testcase> <!-- TC_DB_36 -->
  <testcase name="TC_DB_14" time="0.0" classname="com.automation.index.PackageIndex">
    <ignored/>
  </testcase> <!-- TC_DB_14 -->
  <testcase name="TC_DB_38" time="0.0" classname="com.automation.index.PackageIndex">
    <ignored/>
  </testcase> <!-- TC_DB_38 -->
  <testcase name="TC_DB_33" time="0.0" classname="com.automation.index.PackageIndex">
    <ignored/>
  </testcase> <!-- TC_DB_33 -->
  <testcase name="TC_DB_11" time="0.0" classname="com.automation.index.PackageIndex">
    <ignored/>
  </testcase> <!-- TC_DB_11 -->
  <testcase name="TC_DB_32" time="0.0" classname="com.automation.index.PackageIndex">
    <ignored/>
  </testcase> <!-- TC_DB_32 -->
  <testcase name="TC_DB_10" time="0.0" classname="com.automation.index.PackageIndex">
    <ignored/>
  </testcase> <!-- TC_DB_10 -->
  <testcase name="TC_DB_35" time="0.0" classname="com.automation.index.PackageIndex">
    <ignored/>
  </testcase> <!-- TC_DB_35 -->
  <testcase name="TC_DB_13" time="0.0" classname="com.automation.index.PackageIndex">
    <ignored/>
  </testcase> <!-- TC_DB_13 -->
  <testcase name="TC_DB_34" time="0.0" classname="com.automation.index.PackageIndex">
    <ignored/>
  </testcase> <!-- TC_DB_34 -->
  <testcase name="TC_DB_12" time="0.0" classname="com.automation.index.PackageIndex">
    <ignored/>
  </testcase> <!-- TC_DB_12 -->
  <testcase name="testMobile" time="0.0" classname="com.automation.index.PackageIndex">
    <ignored/>
  </testcase> <!-- testMobile -->
  <testcase name="TC_DB_37" time="0.0" classname="com.automation.index.PackageIndex">
    <ignored/>
  </testcase> <!-- TC_DB_37 -->
  <testcase name="TC_DB_15" time="0.0" classname="com.automation.index.PackageIndex">
    <ignored/>
  </testcase> <!-- TC_DB_15 -->
  <testcase name="TC_DB_25" time="0.0" classname="com.automation.index.PackageIndex">
    <ignored/>
  </testcase> <!-- TC_DB_25 -->
  <testcase name="TC_DB_06" time="0.0" classname="com.automation.index.PackageIndex">
    <ignored/>
  </testcase> <!-- TC_DB_06 -->
  <testcase name="TC_DB_28" time="0.0" classname="com.automation.index.PackageIndex">
    <ignored/>
  </testcase> <!-- TC_DB_28 -->
  <testcase name="TC_DB_27" time="0.0" classname="com.automation.index.PackageIndex">
    <ignored/>
  </testcase> <!-- TC_DB_27 -->
  <testcase name="TC_DB_05" time="0.0" classname="com.automation.index.PackageIndex">
    <ignored/>
  </testcase> <!-- TC_DB_05 -->
  <testcase name="TC_DB_22" time="0.0" classname="com.automation.index.PackageIndex">
    <ignored/>
  </testcase> <!-- TC_DB_22 -->
  <testcase name="TC_DB_24" time="0.0" classname="com.automation.index.PackageIndex">
    <ignored/>
  </testcase> <!-- TC_DB_24 -->
  <testcase name="TC_DB_02" time="0.0" classname="com.automation.index.PackageIndex">
    <ignored/>
  </testcase> <!-- TC_DB_02 -->
  <testcase name="TC_DB_23" time="0.0" classname="com.automation.index.PackageIndex">
    <ignored/>
  </testcase> <!-- TC_DB_23 -->
  <testcase name="TC_DB_01" time="0.0" classname="com.automation.index.PackageIndex">
    <ignored/>
  </testcase> <!-- TC_DB_01 -->
  <testcase name="TC_DB_08" time="0.0" classname="com.automation.index.PackageIndex">
    <ignored/>
  </testcase> <!-- TC_DB_08 -->
  <testcase name="TC_DB_29" time="0.0" classname="com.automation.index.PackageIndex">
    <ignored/>
  </testcase> <!-- TC_DB_29 -->
  <testcase name="TC_DB_07" time="0.0" classname="com.automation.index.PackageIndex">
    <ignored/>
  </testcase> <!-- TC_DB_07 -->
  <testcase name="TC_DB_09" time="0.0" classname="com.automation.index.PackageIndex">
    <ignored/>
  </testcase> <!-- TC_DB_09 -->
  <testcase name="TC_DB_04" time="0.0" classname="com.automation.index.PackageIndex">
    <ignored/>
  </testcase> <!-- TC_DB_04 -->
  <testcase name="TC_DB_26" time="0.0" classname="com.automation.index.PackageIndex">
    <ignored/>
  </testcase> <!-- TC_DB_26 -->
</testsuite> <!-- TC_DB_03: Verify E2E workflow for package creation and upload signed document with two signer. -->
